{"D:\\2022\\lerning\\automatic-testing\\math-api\\src\\FigureCalculator.js": {"path":"D:\\2022\\lerning\\automatic-testing\\math-api\\src\\FigureCalculator.js","statementMap":{"0":{"start":{"line":3,"column":8},"end":{"line":3,"column":35}},"1":{"start":{"line":7,"column":8},"end":{"line":9,"column":9}},"2":{"start":{"line":8,"column":12},"end":{"line":8,"column":63}},"3":{"start":{"line":11,"column":32},"end":{"line":11,"column":36}},"4":{"start":{"line":13,"column":8},"end":{"line":15,"column":9}},"5":{"start":{"line":14,"column":12},"end":{"line":14,"column":70}},"6":{"start":{"line":18,"column":8},"end":{"line":18,"column":78}},"7":{"start":{"line":25,"column":0},"end":{"line":25,"column":34}}},"fnMap":{"0":{"name":"(anonymous_0)","decl":{"start":{"line":2,"column":4},"end":{"line":2,"column":5}},"loc":{"start":{"line":2,"column":27},"end":{"line":4,"column":5}},"line":2},"1":{"name":"(anonymous_1)","decl":{"start":{"line":6,"column":4},"end":{"line":6,"column":5}},"loc":{"start":{"line":6,"column":41},"end":{"line":19,"column":5}},"line":6},"2":{"name":"(anonymous_2)","decl":{"start":{"line":20,"column":4},"end":{"line":20,"column":5}},"loc":{"start":{"line":20,"column":29},"end":{"line":20,"column":31}},"line":20},"3":{"name":"(anonymous_3)","decl":{"start":{"line":21,"column":4},"end":{"line":21,"column":5}},"loc":{"start":{"line":21,"column":33},"end":{"line":21,"column":35}},"line":21},"4":{"name":"(anonymous_4)","decl":{"start":{"line":22,"column":4},"end":{"line":22,"column":5}},"loc":{"start":{"line":22,"column":28},"end":{"line":22,"column":30}},"line":22}},"branchMap":{"0":{"loc":{"start":{"line":7,"column":8},"end":{"line":9,"column":9}},"type":"if","locations":[{"start":{"line":7,"column":8},"end":{"line":9,"column":9}},{"start":{},"end":{}}],"line":7},"1":{"loc":{"start":{"line":13,"column":8},"end":{"line":15,"column":9}},"type":"if","locations":[{"start":{"line":13,"column":8},"end":{"line":15,"column":9}},{"start":{},"end":{}}],"line":13},"2":{"loc":{"start":{"line":13,"column":12},"end":{"line":13,"column":67}},"type":"binary-expr","locations":[{"start":{"line":13,"column":12},"end":{"line":13,"column":38}},{"start":{"line":13,"column":42},"end":{"line":13,"column":67}}],"line":13}},"s":{"0":4,"1":7,"2":3,"3":4,"4":4,"5":3,"6":1,"7":1},"f":{"0":4,"1":7,"2":0,"3":0,"4":0},"b":{"0":[3,4],"1":[3,1],"2":[4,1]},"_coverageSchema":"1a1c01bbd47fc00a2c39e90264f33305004495a9","hash":"c1711f53f8c51d5b25739c9b01d14c36b76ccd7b"}
,"D:\\2022\\lerning\\automatic-testing\\math-api\\src\\MathBasic.js": {"path":"D:\\2022\\lerning\\automatic-testing\\math-api\\src\\MathBasic.js","statementMap":{"0":{"start":{"line":1,"column":18},"end":{"line":54,"column":1}},"1":{"start":{"line":3,"column":8},"end":{"line":5,"column":9}},"2":{"start":{"line":4,"column":12},"end":{"line":4,"column":70}},"3":{"start":{"line":7,"column":23},"end":{"line":7,"column":27}},"4":{"start":{"line":9,"column":8},"end":{"line":11,"column":9}},"5":{"start":{"line":10,"column":12},"end":{"line":10,"column":68}},"6":{"start":{"line":13,"column":8},"end":{"line":13,"column":20}},"7":{"start":{"line":17,"column":8},"end":{"line":19,"column":9}},"8":{"start":{"line":18,"column":12},"end":{"line":18,"column":75}},"9":{"start":{"line":21,"column":23},"end":{"line":21,"column":27}},"10":{"start":{"line":22,"column":8},"end":{"line":24,"column":9}},"11":{"start":{"line":23,"column":12},"end":{"line":23,"column":69}},"12":{"start":{"line":26,"column":8},"end":{"line":26,"column":20}},"13":{"start":{"line":30,"column":8},"end":{"line":32,"column":9}},"14":{"start":{"line":31,"column":12},"end":{"line":31,"column":75}},"15":{"start":{"line":34,"column":23},"end":{"line":34,"column":27}},"16":{"start":{"line":35,"column":8},"end":{"line":37,"column":9}},"17":{"start":{"line":36,"column":12},"end":{"line":36,"column":69}},"18":{"start":{"line":39,"column":8},"end":{"line":39,"column":20}},"19":{"start":{"line":43,"column":8},"end":{"line":45,"column":9}},"20":{"start":{"line":44,"column":12},"end":{"line":44,"column":75}},"21":{"start":{"line":47,"column":23},"end":{"line":47,"column":27}},"22":{"start":{"line":48,"column":8},"end":{"line":50,"column":9}},"23":{"start":{"line":49,"column":12},"end":{"line":49,"column":69}},"24":{"start":{"line":52,"column":8},"end":{"line":52,"column":20}},"25":{"start":{"line":56,"column":0},"end":{"line":56,"column":26}}},"fnMap":{"0":{"name":"(anonymous_0)","decl":{"start":{"line":2,"column":9},"end":{"line":2,"column":10}},"loc":{"start":{"line":2,"column":22},"end":{"line":14,"column":5}},"line":2},"1":{"name":"(anonymous_1)","decl":{"start":{"line":16,"column":14},"end":{"line":16,"column":15}},"loc":{"start":{"line":16,"column":27},"end":{"line":27,"column":5}},"line":16},"2":{"name":"(anonymous_2)","decl":{"start":{"line":29,"column":14},"end":{"line":29,"column":15}},"loc":{"start":{"line":29,"column":27},"end":{"line":40,"column":5}},"line":29},"3":{"name":"(anonymous_3)","decl":{"start":{"line":42,"column":12},"end":{"line":42,"column":13}},"loc":{"start":{"line":42,"column":25},"end":{"line":53,"column":5}},"line":42}},"branchMap":{"0":{"loc":{"start":{"line":3,"column":8},"end":{"line":5,"column":9}},"type":"if","locations":[{"start":{"line":3,"column":8},"end":{"line":5,"column":9}},{"start":{},"end":{}}],"line":3},"1":{"loc":{"start":{"line":9,"column":8},"end":{"line":11,"column":9}},"type":"if","locations":[{"start":{"line":9,"column":8},"end":{"line":11,"column":9}},{"start":{},"end":{}}],"line":9},"2":{"loc":{"start":{"line":9,"column":11},"end":{"line":9,"column":57}},"type":"binary-expr","locations":[{"start":{"line":9,"column":11},"end":{"line":9,"column":32}},{"start":{"line":9,"column":36},"end":{"line":9,"column":57}}],"line":9},"3":{"loc":{"start":{"line":17,"column":8},"end":{"line":19,"column":9}},"type":"if","locations":[{"start":{"line":17,"column":8},"end":{"line":19,"column":9}},{"start":{},"end":{}}],"line":17},"4":{"loc":{"start":{"line":22,"column":8},"end":{"line":24,"column":9}},"type":"if","locations":[{"start":{"line":22,"column":8},"end":{"line":24,"column":9}},{"start":{},"end":{}}],"line":22},"5":{"loc":{"start":{"line":22,"column":11},"end":{"line":22,"column":57}},"type":"binary-expr","locations":[{"start":{"line":22,"column":11},"end":{"line":22,"column":32}},{"start":{"line":22,"column":36},"end":{"line":22,"column":57}}],"line":22},"6":{"loc":{"start":{"line":30,"column":8},"end":{"line":32,"column":9}},"type":"if","locations":[{"start":{"line":30,"column":8},"end":{"line":32,"column":9}},{"start":{},"end":{}}],"line":30},"7":{"loc":{"start":{"line":35,"column":8},"end":{"line":37,"column":9}},"type":"if","locations":[{"start":{"line":35,"column":8},"end":{"line":37,"column":9}},{"start":{},"end":{}}],"line":35},"8":{"loc":{"start":{"line":35,"column":11},"end":{"line":35,"column":57}},"type":"binary-expr","locations":[{"start":{"line":35,"column":11},"end":{"line":35,"column":32}},{"start":{"line":35,"column":36},"end":{"line":35,"column":57}}],"line":35},"9":{"loc":{"start":{"line":43,"column":8},"end":{"line":45,"column":9}},"type":"if","locations":[{"start":{"line":43,"column":8},"end":{"line":45,"column":9}},{"start":{},"end":{}}],"line":43},"10":{"loc":{"start":{"line":48,"column":8},"end":{"line":50,"column":9}},"type":"if","locations":[{"start":{"line":48,"column":8},"end":{"line":50,"column":9}},{"start":{},"end":{}}],"line":48},"11":{"loc":{"start":{"line":48,"column":11},"end":{"line":48,"column":57}},"type":"binary-expr","locations":[{"start":{"line":48,"column":11},"end":{"line":48,"column":32}},{"start":{"line":48,"column":36},"end":{"line":48,"column":57}}],"line":48}},"s":{"0":2,"1":11,"2":4,"3":7,"4":7,"5":3,"6":4,"7":10,"8":4,"9":6,"10":6,"11":3,"12":3,"13":10,"14":3,"15":7,"16":7,"17":3,"18":4,"19":9,"20":3,"21":6,"22":6,"23":3,"24":3,"25":2},"f":{"0":11,"1":10,"2":10,"3":9},"b":{"0":[4,7],"1":[3,4],"2":[7,4],"3":[4,6],"4":[3,3],"5":[6,3],"6":[3,7],"7":[3,4],"8":[7,4],"9":[3,6],"10":[3,3],"11":[6,3]},"_coverageSchema":"1a1c01bbd47fc00a2c39e90264f33305004495a9","hash":"8bc4b7c33b20d8dd61b05165c573a1bc4c5d93eb"}
,"D:\\2022\\lerning\\automatic-testing\\math-api\\src\\Rocket.js": {"path":"D:\\2022\\lerning\\automatic-testing\\math-api\\src\\Rocket.js","statementMap":{"0":{"start":{"line":3,"column":8},"end":{"line":3,"column":25}},"1":{"start":{"line":4,"column":8},"end":{"line":4,"column":39}},"2":{"start":{"line":8,"column":0},"end":{"line":8,"column":24}}},"fnMap":{"0":{"name":"(anonymous_0)","decl":{"start":{"line":2,"column":4},"end":{"line":2,"column":5}},"loc":{"start":{"line":2,"column":21},"end":{"line":5,"column":5}},"line":2}},"branchMap":{},"s":{"0":8,"1":8,"2":1},"f":{"0":8},"b":{},"_coverageSchema":"1a1c01bbd47fc00a2c39e90264f33305004495a9","hash":"9a0ef0054826ee97430385bf9cd569f8f7eccb96"}
,"D:\\2022\\lerning\\automatic-testing\\math-api\\src\\RocketLauncher.js": {"path":"D:\\2022\\lerning\\automatic-testing\\math-api\\src\\RocketLauncher.js","statementMap":{"0":{"start":{"line":3,"column":8},"end":{"line":3,"column":31}},"1":{"start":{"line":7,"column":8},"end":{"line":9,"column":10}},"2":{"start":{"line":8,"column":12},"end":{"line":8,"column":43}},"3":{"start":{"line":10,"column":8},"end":{"line":10,"column":26}},"4":{"start":{"line":14,"column":23},"end":{"line":14,"column":43}},"5":{"start":{"line":15,"column":8},"end":{"line":15,"column":39}},"6":{"start":{"line":19,"column":32},"end":{"line":19,"column":33}},"7":{"start":{"line":21,"column":8},"end":{"line":27,"column":9}},"8":{"start":{"line":22,"column":12},"end":{"line":26,"column":13}},"9":{"start":{"line":23,"column":16},"end":{"line":23,"column":52}},"10":{"start":{"line":25,"column":16},"end":{"line":25,"column":36}},"11":{"start":{"line":29,"column":8},"end":{"line":31,"column":9}},"12":{"start":{"line":30,"column":12},"end":{"line":30,"column":41}},"13":{"start":{"line":33,"column":8},"end":{"line":33,"column":97}},"14":{"start":{"line":39,"column":0},"end":{"line":39,"column":32}}},"fnMap":{"0":{"name":"(anonymous_0)","decl":{"start":{"line":2,"column":4},"end":{"line":2,"column":5}},"loc":{"start":{"line":2,"column":30},"end":{"line":4,"column":5}},"line":2},"1":{"name":"(anonymous_1)","decl":{"start":{"line":6,"column":4},"end":{"line":6,"column":5}},"loc":{"start":{"line":6,"column":23},"end":{"line":11,"column":5}},"line":6},"2":{"name":"(anonymous_2)","decl":{"start":{"line":7,"column":29},"end":{"line":7,"column":30}},"loc":{"start":{"line":7,"column":41},"end":{"line":9,"column":9}},"line":7},"3":{"name":"(anonymous_3)","decl":{"start":{"line":13,"column":4},"end":{"line":13,"column":5}},"loc":{"start":{"line":13,"column":26},"end":{"line":16,"column":5}},"line":13},"4":{"name":"(anonymous_4)","decl":{"start":{"line":18,"column":4},"end":{"line":18,"column":5}},"loc":{"start":{"line":18,"column":29},"end":{"line":35,"column":5}},"line":18}},"branchMap":{"0":{"loc":{"start":{"line":2,"column":16},"end":{"line":2,"column":28}},"type":"default-arg","locations":[{"start":{"line":2,"column":26},"end":{"line":2,"column":28}}],"line":2},"1":{"loc":{"start":{"line":29,"column":8},"end":{"line":31,"column":9}},"type":"if","locations":[{"start":{"line":29,"column":8},"end":{"line":31,"column":9}},{"start":{},"end":{}}],"line":29}},"s":{"0":4,"1":1,"2":0,"3":0,"4":1,"5":0,"6":2,"7":2,"8":0,"9":0,"10":0,"11":0,"12":0,"13":0,"14":1},"f":{"0":4,"1":1,"2":0,"3":1,"4":2},"b":{"0":[0],"1":[0,0]},"_coverageSchema":"1a1c01bbd47fc00a2c39e90264f33305004495a9","hash":"7543d27445f9449021fd5dd7eb15f0f549bd3016"}
,"D:\\2022\\lerning\\automatic-testing\\math-api\\src\\RocketRepairKit.js": {"path":"D:\\2022\\lerning\\automatic-testing\\math-api\\src\\RocketRepairKit.js","statementMap":{"0":{"start":{"line":8,"column":8},"end":{"line":8,"column":25}},"1":{"start":{"line":9,"column":8},"end":{"line":9,"column":25}},"2":{"start":{"line":10,"column":8},"end":{"line":10,"column":25}},"3":{"start":{"line":19,"column":8},"end":{"line":23,"column":10}},"4":{"start":{"line":20,"column":12},"end":{"line":22,"column":19}},"5":{"start":{"line":21,"column":16},"end":{"line":21,"column":58}},"6":{"start":{"line":27,"column":0},"end":{"line":27,"column":32}}},"fnMap":{"0":{"name":"(anonymous_0)","decl":{"start":{"line":7,"column":4},"end":{"line":7,"column":5}},"loc":{"start":{"line":7,"column":33},"end":{"line":11,"column":5}},"line":7},"1":{"name":"(anonymous_1)","decl":{"start":{"line":13,"column":4},"end":{"line":13,"column":5}},"loc":{"start":{"line":13,"column":18},"end":{"line":24,"column":5}},"line":13},"2":{"name":"(anonymous_2)","decl":{"start":{"line":19,"column":27},"end":{"line":19,"column":28}},"loc":{"start":{"line":19,"column":40},"end":{"line":23,"column":9}},"line":19},"3":{"name":"(anonymous_3)","decl":{"start":{"line":20,"column":23},"end":{"line":20,"column":24}},"loc":{"start":{"line":20,"column":29},"end":{"line":22,"column":13}},"line":20}},"branchMap":{},"s":{"0":1,"1":1,"2":1,"3":0,"4":0,"5":0,"6":1},"f":{"0":1,"1":0,"2":0,"3":0},"b":{},"_coverageSchema":"1a1c01bbd47fc00a2c39e90264f33305004495a9","hash":"2bfee22312dc8874e0e31ec6710d3267e4bd86fe"}
}
