TN:
SF:src\FigureCalculator.js
FN:2,(anonymous_0)
FN:6,(anonymous_1)
FN:20,(anonymous_2)
FN:21,(anonymous_3)
FN:22,(anonymous_4)
FNF:5
FNH:2
FNDA:4,(anonymous_0)
FNDA:7,(anonymous_1)
FNDA:0,(anonymous_2)
FNDA:0,(anonymous_3)
FNDA:0,(anonymous_4)
DA:3,4
DA:7,7
DA:8,3
DA:11,4
DA:13,4
DA:14,3
DA:18,1
DA:25,1
LF:8
LH:8
BRDA:7,0,0,3
BRDA:7,0,1,4
BRDA:13,1,0,3
BRDA:13,1,1,1
BRDA:13,2,0,4
BRDA:13,2,1,1
BRF:6
BRH:6
end_of_record
TN:
SF:src\MathBasic.js
FN:2,(anonymous_0)
FN:16,(anonymous_1)
FN:29,(anonymous_2)
FN:42,(anonymous_3)
FNF:4
FNH:4
FNDA:11,(anonymous_0)
FNDA:10,(anonymous_1)
FNDA:10,(anonymous_2)
FNDA:9,(anonymous_3)
DA:1,2
DA:3,11
DA:4,4
DA:7,7
DA:9,7
DA:10,3
DA:13,4
DA:17,10
DA:18,4
DA:21,6
DA:22,6
DA:23,3
DA:26,3
DA:30,10
DA:31,3
DA:34,7
DA:35,7
DA:36,3
DA:39,4
DA:43,9
DA:44,3
DA:47,6
DA:48,6
DA:49,3
DA:52,3
DA:56,2
LF:26
LH:26
BRDA:3,0,0,4
BRDA:3,0,1,7
BRDA:9,1,0,3
BRDA:9,1,1,4
BRDA:9,2,0,7
BRDA:9,2,1,4
BRDA:17,3,0,4
BRDA:17,3,1,6
BRDA:22,4,0,3
BRDA:22,4,1,3
BRDA:22,5,0,6
BRDA:22,5,1,3
BRDA:30,6,0,3
BRDA:30,6,1,7
BRDA:35,7,0,3
BRDA:35,7,1,4
BRDA:35,8,0,7
BRDA:35,8,1,4
BRDA:43,9,0,3
BRDA:43,9,1,6
BRDA:48,10,0,3
BRDA:48,10,1,3
BRDA:48,11,0,6
BRDA:48,11,1,3
BRF:24
BRH:24
end_of_record
TN:
SF:src\Rocket.js
FN:2,(anonymous_0)
FNF:1
FNH:1
FNDA:8,(anonymous_0)
DA:3,8
DA:4,8
DA:8,1
LF:3
LH:3
BRF:0
BRH:0
end_of_record
TN:
SF:src\RocketLauncher.js
FN:2,(anonymous_0)
FN:6,(anonymous_1)
FN:7,(anonymous_2)
FN:13,(anonymous_3)
FN:18,(anonymous_4)
FNF:5
FNH:4
FNDA:4,(anonymous_0)
FNDA:1,(anonymous_1)
FNDA:0,(anonymous_2)
FNDA:1,(anonymous_3)
FNDA:2,(anonymous_4)
DA:3,4
DA:7,1
DA:8,0
DA:10,0
DA:14,1
DA:15,0
DA:19,2
DA:21,2
DA:22,0
DA:23,0
DA:25,0
DA:29,0
DA:30,0
DA:33,0
DA:39,1
LF:15
LH:6
BRDA:2,0,0,0
BRDA:29,1,0,0
BRDA:29,1,1,0
BRF:3
BRH:0
end_of_record
TN:
SF:src\RocketRepairKit.js
FN:7,(anonymous_0)
FN:13,(anonymous_1)
FN:19,(anonymous_2)
FN:20,(anonymous_3)
FNF:4
FNH:1
FNDA:1,(anonymous_0)
FNDA:0,(anonymous_1)
FNDA:0,(anonymous_2)
FNDA:0,(anonymous_3)
DA:8,1
DA:9,1
DA:10,1
DA:19,0
DA:20,0
DA:21,0
DA:27,1
LF:7
LH:4
BRF:0
BRH:0
end_of_record
